<?xml version="1.0" encoding="UTF-8"?>
<!-- Generated by org.testng.reporters.JUnitReportReporter -->
<testsuite hostname="LAPTOP-8E91KTDJ" failures="0" tests="4" name="api.test.A4_UserTests" time="2.567" errors="0" timestamp="2023-04-04T20:43:35 EDT" skipped="0">
  <testcase classname="api.test.A4_UserTests" name="testPostUser" time="1.701"/>
  <system-out/>
  <testcase classname="api.test.A4_UserTests" name="testGetUserByName" time="0.426"/>
  <system-out/>
  <testcase classname="api.test.A4_UserTests" name="testUpdateUserByName" time="0.308"/>
  <system-out/>
  <testcase classname="api.test.A4_UserTests" name="testDeleteUserByName" time="0.132"/>
  <system-out/>
</testsuite> <!-- api.test.A4_UserTests -->
