<?xml version="1.0" encoding="UTF-8"?>
<!-- Generated by org.testng.reporters.JUnitReportReporter -->
<testsuite hostname="LAPTOP-8E91KTDJ" failures="0" tests="4" name="api.test.A7_UserTests_Properties_File" time="2.081" errors="0" timestamp="2023-04-05T14:11:26 EDT" skipped="0">
  <testcase classname="api.test.A7_UserTests_Properties_File" name="testPostUser" time="1.510"/>
  <system-out/>
  <testcase classname="api.test.A7_UserTests_Properties_File" name="testGetUserByName" time="0.159"/>
  <system-out/>
  <testcase classname="api.test.A7_UserTests_Properties_File" name="testUpdateUserByName" time="0.274"/>
  <system-out/>
  <testcase classname="api.test.A7_UserTests_Properties_File" name="testDeleteUserByName" time="0.138"/>
  <system-out/>
</testsuite> <!-- api.test.A7_UserTests_Properties_File -->
