<?xml version="1.0" encoding="UTF-8"?>
<!-- Generated by org.testng.reporters.JUnitReportReporter -->
<testsuite hostname="LAPTOP-8E91KTDJ" failures="0" tests="4" name="api.test.A4_UserTests" time="2.782" errors="0" timestamp="2023-04-09T10:44:40 EDT" skipped="0">
  <testcase classname="api.test.A4_UserTests" name="testPostUser" time="2.275"/>
  <system-out/>
  <testcase classname="api.test.A4_UserTests" name="testGetUserByName" time="0.129"/>
  <system-out/>
  <testcase classname="api.test.A4_UserTests" name="testUpdateUserByName" time="0.273"/>
  <system-out/>
  <testcase classname="api.test.A4_UserTests" name="testDeleteUserByName" time="0.105"/>
  <system-out/>
</testsuite> <!-- api.test.A4_UserTests -->
