<?xml version="1.0" encoding="UTF-8"?>
<!-- Generated by org.testng.reporters.JUnitReportReporter -->
<testsuite hostname="LAPTOP-8E91KTDJ" failures="0" tests="6" name="api.test.A5_Data_Driven_User_Test" time="2.660" errors="0" timestamp="2023-04-04T17:05:15 EDT" skipped="0">
  <testcase classname="api.test.A5_Data_Driven_User_Test" name="testPostUser" time="1.979"/>
  <system-out/>
  <testcase classname="api.test.A5_Data_Driven_User_Test" name="testPostUser" time="0.138"/>
  <system-out/>
  <testcase classname="api.test.A5_Data_Driven_User_Test" name="testPostUser" time="0.142"/>
  <system-out/>
  <testcase classname="api.test.A5_Data_Driven_User_Test" name="testDeleteUserByName" time="0.116"/>
  <system-out/>
  <testcase classname="api.test.A5_Data_Driven_User_Test" name="testDeleteUserByName" time="0.149"/>
  <system-out/>
  <testcase classname="api.test.A5_Data_Driven_User_Test" name="testDeleteUserByName" time="0.136"/>
  <system-out/>
</testsuite> <!-- api.test.A5_Data_Driven_User_Test -->
