<?xml version="1.0" encoding="UTF-8"?>
<!-- Generated by org.testng.reporters.JUnitReportReporter -->
<testsuite hostname="LAPTOP-8E91KTDJ" failures="0" tests="4" name="api.test.A6_UserTests_Logs" time="1.879" errors="0" timestamp="2023-04-10T21:03:26 EDT" skipped="0">
  <testcase classname="api.test.A6_UserTests_Logs" name="testPostUser" time="1.289"/>
  <system-out/>
  <testcase classname="api.test.A6_UserTests_Logs" name="testGetUserByName" time="0.158"/>
  <system-out/>
  <testcase classname="api.test.A6_UserTests_Logs" name="testUpdateUserByName" time="0.294"/>
  <system-out/>
  <testcase classname="api.test.A6_UserTests_Logs" name="testDeleteUserByName" time="0.138"/>
  <system-out/>
</testsuite> <!-- api.test.A6_UserTests_Logs -->
