<?xml version="1.0" encoding="UTF-8"?>
<!-- Generated by org.testng.reporters.JUnitReportReporter -->
<testsuite hostname="LAPTOP-8E91KTDJ" failures="0" tests="6" name="api.test.A5_Data_Driven_User_Test" time="2.125" errors="0" timestamp="2023-04-05T15:49:29 EDT" skipped="0">
  <testcase classname="api.test.A5_Data_Driven_User_Test" name="testPostUser" time="0.135"/>
  <system-out/>
  <testcase classname="api.test.A5_Data_Driven_User_Test" name="testPostUser" time="1.491"/>
  <system-out/>
  <testcase classname="api.test.A5_Data_Driven_User_Test" name="testPostUser" time="0.136"/>
  <system-out/>
  <testcase classname="api.test.A5_Data_Driven_User_Test" name="testDeleteUserByName" time="0.127"/>
  <system-out/>
  <testcase classname="api.test.A5_Data_Driven_User_Test" name="testDeleteUserByName" time="0.126"/>
  <system-out/>
  <testcase classname="api.test.A5_Data_Driven_User_Test" name="testDeleteUserByName" time="0.110"/>
  <system-out/>
</testsuite> <!-- api.test.A5_Data_Driven_User_Test -->
